app/build/intermediates/manifest_merge_blame_file/debug/manifest-merger-blame-debug-report.txt
1<?xml version="1.0" encoding="utf-8"?>
2<manifest xmlns:android="http://schemas.android.com/apk/res/android"
3    package="com.raywenderlich.codingcompanionfinder"
4    android:versionCode="1"
5    android:versionName="1.0" >
6
7    <uses-sdk
8        android:minSdkVersion="21"
8-->src/main/AndroidManifest.xml
9        android:targetSdkVersion="29" />
9-->src/main/AndroidManifest.xml
10
11    <uses-permission android:name="android.permission.INTERNET" />
11-->src/main/AndroidManifest.xml:5:3-65
11-->src/main/AndroidManifest.xml:5:20-62
12
13    <application
13-->src/main/AndroidManifest.xml:7:3-28:17
14        android:allowBackup="true"
14-->src/main/AndroidManifest.xml:8:5-31
15        android:appComponentFactory="androidx.core.app.CoreComponentFactory"
15-->[androidx.core:core:1.1.0] AndroidManifest.xml:24:18-86
16        android:debuggable="true"
17        android:icon="@mipmap/ic_coding_companion"
17-->src/main/AndroidManifest.xml:9:5-47
18        android:label="@string/app_name"
18-->src/main/AndroidManifest.xml:10:5-37
19        android:roundIcon="@mipmap/ic_coding_companion_round"
19-->src/main/AndroidManifest.xml:11:5-58
20        android:supportsRtl="true"
20-->src/main/AndroidManifest.xml:12:5-31
21        android:testOnly="true"
22        android:theme="@style/AppTheme"
22-->src/main/AndroidManifest.xml:13:5-36
23        android:usesCleartextTraffic="true" >
23-->src/main/AndroidManifest.xml:14:5-40
24        <activity android:name="com.raywenderlich.codingcompanionfinder.SplashActivity" >
24-->src/main/AndroidManifest.xml:15:5-21:16
24-->src/main/AndroidManifest.xml:15:15-45
25            <intent-filter>
25-->src/main/AndroidManifest.xml:16:7-20:23
26                <action android:name="android.intent.action.MAIN" />
26-->src/main/AndroidManifest.xml:17:9-61
26-->src/main/AndroidManifest.xml:17:17-58
27
28                <category android:name="android.intent.category.LAUNCHER" />
28-->src/main/AndroidManifest.xml:19:9-69
28-->src/main/AndroidManifest.xml:19:19-66
29            </intent-filter>
30        </activity>
31        <activity
31-->src/main/AndroidManifest.xml:22:5-27:16
32            android:name="com.raywenderlich.codingcompanionfinder.MainActivity"
32-->src/main/AndroidManifest.xml:23:7-35
33            android:configChanges="screenSize|smallestScreenSize|orientation|screenLayout"
33-->src/main/AndroidManifest.xml:24:7-85
34            android:screenOrientation="portrait" >
34-->src/main/AndroidManifest.xml:25:7-43
35        </activity>
36
37        <provider
37-->[androidx.lifecycle:lifecycle-process:2.1.0] AndroidManifest.xml:23:9-27:43
38            android:name="androidx.lifecycle.ProcessLifecycleOwnerInitializer"
38-->[androidx.lifecycle:lifecycle-process:2.1.0] AndroidManifest.xml:24:13-79
39            android:authorities="com.raywenderlich.codingcompanionfinder.lifecycle-process"
39-->[androidx.lifecycle:lifecycle-process:2.1.0] AndroidManifest.xml:25:13-69
40            android:exported="false"
40-->[androidx.lifecycle:lifecycle-process:2.1.0] AndroidManifest.xml:26:13-37
41            android:multiprocess="true" />
41-->[androidx.lifecycle:lifecycle-process:2.1.0] AndroidManifest.xml:27:13-40
42    </application>
43
44</manifest>